Setting tf-resnet0 memory limit to 10% (127M) of max
cd /home/yanghanzhang/cfm/tensorflow/benchmarks/scripts/tf_cnn_benchmarks && echo $$ > /cgroup2/benchmarks/tf-resnet0/cgroup.procs && KMP_AFFINITY=granularity=fine,verbose,compact,1,0 KMP_BLOCK_TIME=0 KMP_SETTINGS=1 OMP_NUM_THREADS=2 exec taskset -c 0,1 /usr/bin/time -v python3 tf_cnn_benchmarks.py --forward_only=True --data_format=NHWC --device=cpu --batch_size=64 --num_inter_threads=1 --num_intra_threads=2 --nodistortions --model=resnet50 --kmp_blocktime=0 --num_batches=20 --num_warmup_batches 0
TensorFlow:  1.14
Model:       resnet50
Dataset:     imagenet (synthetic)
Mode:        forward only
SingleSess:  False
Batch size:  64 global
             64 per device
Num batches: 20
Num epochs:  0.00
Devices:     ['/cpu:0']
NUMA bind:   False
Data format: NHWC
Optimizer:   sgd
Variables:   parameter_server
==========
Generating training model
Initializing graph
Running warm up
Done warm up
Step	Img/sec	total_loss	top_1_accuracy	top_5_accuracy
1	images/sec: 5.4 +/- 0.0 (jitter = 0.0)	0.000	0.000	0.000
10	images/sec: 5.5 +/- 0.0 (jitter = 0.0)	0.000	0.016	0.016
20	images/sec: 5.5 +/- 0.0 (jitter = 0.0)	0.000	0.000	0.000
----------------------------------------------------------------
total images/sec: 5.45
----------------------------------------------------------------
 

WARNING:tensorflow:From /usr/local/lib/python3.7/site-packages/tensorflow/python/compat/v2_compat.py:61: disable_resource_variables (from tensorflow.python.ops.variable_scope) is deprecated and will be removed in a future version.
Instructions for updating:
non-resource variables are not supported in the long term
2023-03-09 17:11:25.514217: I tensorflow/core/platform/cpu_feature_guard.cc:142] Your CPU supports instructions that this TensorFlow binary was not compiled to use: AVX2 FMA
2023-03-09 17:11:25.520016: I tensorflow/core/platform/profile_utils/cpu_utils.cc:94] CPU Frequency: 2294605000 Hz
2023-03-09 17:11:25.520488: I tensorflow/compiler/xla/service/service.cc:168] XLA service 0x4870220 executing computations on platform Host. Devices:
2023-03-09 17:11:25.520518: I tensorflow/compiler/xla/service/service.cc:175]   StreamExecutor device (0): <undefined>, <undefined>
WARNING:tensorflow:From /home/yanghanzhang/cfm/tensorflow/benchmarks/scripts/tf_cnn_benchmarks/convnet_builder.py:134: conv2d (from tensorflow.python.layers.convolutional) is deprecated and will be removed in a future version.
Instructions for updating:
Use `tf.keras.layers.Conv2D` instead.
W0309 17:11:25.533338 140216727144192 deprecation.py:323] From /home/yanghanzhang/cfm/tensorflow/benchmarks/scripts/tf_cnn_benchmarks/convnet_builder.py:134: conv2d (from tensorflow.python.layers.convolutional) is deprecated and will be removed in a future version.
Instructions for updating:
Use `tf.keras.layers.Conv2D` instead.
WARNING:tensorflow:From /home/yanghanzhang/cfm/tensorflow/benchmarks/scripts/tf_cnn_benchmarks/convnet_builder.py:266: max_pooling2d (from tensorflow.python.layers.pooling) is deprecated and will be removed in a future version.
Instructions for updating:
Use keras.layers.MaxPooling2D instead.
W0309 17:11:25.696254 140216727144192 deprecation.py:323] From /home/yanghanzhang/cfm/tensorflow/benchmarks/scripts/tf_cnn_benchmarks/convnet_builder.py:266: max_pooling2d (from tensorflow.python.layers.pooling) is deprecated and will be removed in a future version.
Instructions for updating:
Use keras.layers.MaxPooling2D instead.
WARNING:tensorflow:From /home/yanghanzhang/cfm/tensorflow/benchmarks/scripts/tf_cnn_benchmarks/benchmark_cnn.py:2267: Supervisor.__init__ (from tensorflow.python.training.supervisor) is deprecated and will be removed in a future version.
Instructions for updating:
Please switch to tf.train.MonitoredTrainingSession
W0309 17:11:27.177939 140216727144192 deprecation.py:323] From /home/yanghanzhang/cfm/tensorflow/benchmarks/scripts/tf_cnn_benchmarks/benchmark_cnn.py:2267: Supervisor.__init__ (from tensorflow.python.training.supervisor) is deprecated and will be removed in a future version.
Instructions for updating:
Please switch to tf.train.MonitoredTrainingSession
WARNING:tensorflow:From /usr/local/lib/python3.7/site-packages/tensorflow/python/ops/array_ops.py:1354: add_dispatch_support.<locals>.wrapper (from tensorflow.python.ops.array_ops) is deprecated and will be removed in a future version.
Instructions for updating:
Use tf.where in 2.0, which has the same broadcast rule as np.where
W0309 17:11:27.312296 140216727144192 deprecation.py:323] From /usr/local/lib/python3.7/site-packages/tensorflow/python/ops/array_ops.py:1354: add_dispatch_support.<locals>.wrapper (from tensorflow.python.ops.array_ops) is deprecated and will be removed in a future version.
Instructions for updating:
Use tf.where in 2.0, which has the same broadcast rule as np.where
2023-03-09 17:11:27.811975: W tensorflow/compiler/jit/mark_for_compilation_pass.cc:1412] (One-time warning): Not using XLA:CPU for cluster because envvar TF_XLA_FLAGS=--tf_xla_cpu_global_jit was not set.  If you want XLA:CPU, either set that envvar, or use experimental_jit_scope to enable XLA:CPU.  To confirm that XLA is active, pass --vmodule=xla_compilation_cache=1 (as a proper command-line flag, not via TF_XLA_FLAGS) or set the envvar XLA_FLAGS=--xla_hlo_profile.
INFO:tensorflow:Running local_init_op.
I0309 17:11:28.243978 140216727144192 session_manager.py:500] Running local_init_op.
INFO:tensorflow:Done running local_init_op.
I0309 17:11:28.485883 140216727144192 session_manager.py:502] Done running local_init_op.
	Command being timed: "python3 tf_cnn_benchmarks.py --forward_only=True --data_format=NHWC --device=cpu --batch_size=64 --num_inter_threads=1 --num_intra_threads=2 --nodistortions --model=resnet50 --kmp_blocktime=0 --num_batches=20 --num_warmup_batches 0"
	User time (seconds): 195.15
	System time (seconds): 255.23
	Percent of CPU this job got: 187%
	Elapsed (wall clock) time (h:mm:ss or m:ss): 3:59.61
	Average shared text size (kbytes): 0
	Average unshared data size (kbytes): 0
	Average stack size (kbytes): 0
	Average total size (kbytes): 0
	Maximum resident set size (kbytes): 250812
	Average resident set size (kbytes): 0
	Major (requiring I/O) page faults: 4191995
	Minor (reclaiming a frame) page faults: 27784654
	Voluntary context switches: 1072348
	Involuntary context switches: 39663
	Swaps: 0
	File system inputs: 0
	File system outputs: 64
	Socket messages sent: 0
	Socket messages received: 0
	Signals delivered: 0
	Page size (bytes): 4096
	Exit status: 0
 

Python Wall Time: 239.63972926139832 

Major Page Faults,System Time,User Time,Wall Time
4191995,255.23,195.15,239.61
Setting tf-resnet0 memory limit to 20% (254M) of max
cd /home/yanghanzhang/cfm/tensorflow/benchmarks/scripts/tf_cnn_benchmarks && echo $$ > /cgroup2/benchmarks/tf-resnet0/cgroup.procs && KMP_AFFINITY=granularity=fine,verbose,compact,1,0 KMP_BLOCK_TIME=0 KMP_SETTINGS=1 OMP_NUM_THREADS=2 exec taskset -c 0,1 /usr/bin/time -v python3 tf_cnn_benchmarks.py --forward_only=True --data_format=NHWC --device=cpu --batch_size=64 --num_inter_threads=1 --num_intra_threads=2 --nodistortions --model=resnet50 --kmp_blocktime=0 --num_batches=20 --num_warmup_batches 0
TensorFlow:  1.14
Model:       resnet50
Dataset:     imagenet (synthetic)
Mode:        forward only
SingleSess:  False
Batch size:  64 global
             64 per device
Num batches: 20
Num epochs:  0.00
Devices:     ['/cpu:0']
NUMA bind:   False
Data format: NHWC
Optimizer:   sgd
Variables:   parameter_server
==========
Generating training model
Initializing graph
Running warm up
Done warm up
Step	Img/sec	total_loss	top_1_accuracy	top_5_accuracy
1	images/sec: 8.1 +/- 0.0 (jitter = 0.0)	0.000	0.000	0.000
10	images/sec: 8.2 +/- 0.0 (jitter = 0.1)	0.000	0.016	0.016
20	images/sec: 8.3 +/- 0.0 (jitter = 0.1)	0.000	0.000	0.000
----------------------------------------------------------------
total images/sec: 8.27
----------------------------------------------------------------
 

WARNING:tensorflow:From /usr/local/lib/python3.7/site-packages/tensorflow/python/compat/v2_compat.py:61: disable_resource_variables (from tensorflow.python.ops.variable_scope) is deprecated and will be removed in a future version.
Instructions for updating:
non-resource variables are not supported in the long term
2023-03-09 17:15:25.288878: I tensorflow/core/platform/cpu_feature_guard.cc:142] Your CPU supports instructions that this TensorFlow binary was not compiled to use: AVX2 FMA
2023-03-09 17:15:25.294435: I tensorflow/core/platform/profile_utils/cpu_utils.cc:94] CPU Frequency: 2294605000 Hz
2023-03-09 17:15:25.294661: I tensorflow/compiler/xla/service/service.cc:168] XLA service 0x33eb220 executing computations on platform Host. Devices:
2023-03-09 17:15:25.294683: I tensorflow/compiler/xla/service/service.cc:175]   StreamExecutor device (0): <undefined>, <undefined>
WARNING:tensorflow:From /home/yanghanzhang/cfm/tensorflow/benchmarks/scripts/tf_cnn_benchmarks/convnet_builder.py:134: conv2d (from tensorflow.python.layers.convolutional) is deprecated and will be removed in a future version.
Instructions for updating:
Use `tf.keras.layers.Conv2D` instead.
W0309 17:15:25.307052 139689394341632 deprecation.py:323] From /home/yanghanzhang/cfm/tensorflow/benchmarks/scripts/tf_cnn_benchmarks/convnet_builder.py:134: conv2d (from tensorflow.python.layers.convolutional) is deprecated and will be removed in a future version.
Instructions for updating:
Use `tf.keras.layers.Conv2D` instead.
WARNING:tensorflow:From /home/yanghanzhang/cfm/tensorflow/benchmarks/scripts/tf_cnn_benchmarks/convnet_builder.py:266: max_pooling2d (from tensorflow.python.layers.pooling) is deprecated and will be removed in a future version.
Instructions for updating:
Use keras.layers.MaxPooling2D instead.
W0309 17:15:25.467737 139689394341632 deprecation.py:323] From /home/yanghanzhang/cfm/tensorflow/benchmarks/scripts/tf_cnn_benchmarks/convnet_builder.py:266: max_pooling2d (from tensorflow.python.layers.pooling) is deprecated and will be removed in a future version.
Instructions for updating:
Use keras.layers.MaxPooling2D instead.
WARNING:tensorflow:From /home/yanghanzhang/cfm/tensorflow/benchmarks/scripts/tf_cnn_benchmarks/benchmark_cnn.py:2267: Supervisor.__init__ (from tensorflow.python.training.supervisor) is deprecated and will be removed in a future version.
Instructions for updating:
Please switch to tf.train.MonitoredTrainingSession
W0309 17:15:26.901636 139689394341632 deprecation.py:323] From /home/yanghanzhang/cfm/tensorflow/benchmarks/scripts/tf_cnn_benchmarks/benchmark_cnn.py:2267: Supervisor.__init__ (from tensorflow.python.training.supervisor) is deprecated and will be removed in a future version.
Instructions for updating:
Please switch to tf.train.MonitoredTrainingSession
WARNING:tensorflow:From /usr/local/lib/python3.7/site-packages/tensorflow/python/ops/array_ops.py:1354: add_dispatch_support.<locals>.wrapper (from tensorflow.python.ops.array_ops) is deprecated and will be removed in a future version.
Instructions for updating:
Use tf.where in 2.0, which has the same broadcast rule as np.where
W0309 17:15:27.028604 139689394341632 deprecation.py:323] From /usr/local/lib/python3.7/site-packages/tensorflow/python/ops/array_ops.py:1354: add_dispatch_support.<locals>.wrapper (from tensorflow.python.ops.array_ops) is deprecated and will be removed in a future version.
Instructions for updating:
Use tf.where in 2.0, which has the same broadcast rule as np.where
2023-03-09 17:15:27.497608: W tensorflow/compiler/jit/mark_for_compilation_pass.cc:1412] (One-time warning): Not using XLA:CPU for cluster because envvar TF_XLA_FLAGS=--tf_xla_cpu_global_jit was not set.  If you want XLA:CPU, either set that envvar, or use experimental_jit_scope to enable XLA:CPU.  To confirm that XLA is active, pass --vmodule=xla_compilation_cache=1 (as a proper command-line flag, not via TF_XLA_FLAGS) or set the envvar XLA_FLAGS=--xla_hlo_profile.
INFO:tensorflow:Running local_init_op.
I0309 17:15:27.904061 139689394341632 session_manager.py:500] Running local_init_op.
INFO:tensorflow:Done running local_init_op.
I0309 17:15:28.083440 139689394341632 session_manager.py:502] Done running local_init_op.
	Command being timed: "python3 tf_cnn_benchmarks.py --forward_only=True --data_format=NHWC --device=cpu --batch_size=64 --num_inter_threads=1 --num_intra_threads=2 --nodistortions --model=resnet50 --kmp_blocktime=0 --num_batches=20 --num_warmup_batches 0"
	User time (seconds): 188.41
	System time (seconds): 113.38
	Percent of CPU this job got: 189%
	Elapsed (wall clock) time (h:mm:ss or m:ss): 2:39.31
	Average shared text size (kbytes): 0
	Average unshared data size (kbytes): 0
	Average stack size (kbytes): 0
	Average total size (kbytes): 0
	Maximum resident set size (kbytes): 380644
	Average resident set size (kbytes): 0
	Major (requiring I/O) page faults: 1537254
	Minor (reclaiming a frame) page faults: 11461145
	Voluntary context switches: 379222
	Involuntary context switches: 19736
	Swaps: 0
	File system inputs: 0
	File system outputs: 64
	Socket messages sent: 0
	Socket messages received: 0
	Signals delivered: 0
	Page size (bytes): 4096
	Exit status: 0
 

Python Wall Time: 159.3393270969391 

Major Page Faults,System Time,User Time,Wall Time
1537254,113.38,188.41,159.31
Setting tf-resnet0 memory limit to 30% (380M) of max
cd /home/yanghanzhang/cfm/tensorflow/benchmarks/scripts/tf_cnn_benchmarks && echo $$ > /cgroup2/benchmarks/tf-resnet0/cgroup.procs && KMP_AFFINITY=granularity=fine,verbose,compact,1,0 KMP_BLOCK_TIME=0 KMP_SETTINGS=1 OMP_NUM_THREADS=2 exec taskset -c 0,1 /usr/bin/time -v python3 tf_cnn_benchmarks.py --forward_only=True --data_format=NHWC --device=cpu --batch_size=64 --num_inter_threads=1 --num_intra_threads=2 --nodistortions --model=resnet50 --kmp_blocktime=0 --num_batches=20 --num_warmup_batches 0
TensorFlow:  1.14
Model:       resnet50
Dataset:     imagenet (synthetic)
Mode:        forward only
SingleSess:  False
Batch size:  64 global
             64 per device
Num batches: 20
Num epochs:  0.00
Devices:     ['/cpu:0']
NUMA bind:   False
Data format: NHWC
Optimizer:   sgd
Variables:   parameter_server
==========
Generating training model
Initializing graph
Running warm up
Done warm up
Step	Img/sec	total_loss	top_1_accuracy	top_5_accuracy
1	images/sec: 10.1 +/- 0.0 (jitter = 0.0)	0.000	0.000	0.000
10	images/sec: 10.7 +/- 0.1 (jitter = 0.2)	0.000	0.016	0.016
20	images/sec: 10.8 +/- 0.1 (jitter = 0.2)	0.000	0.000	0.000
----------------------------------------------------------------
total images/sec: 10.80
----------------------------------------------------------------
 

WARNING:tensorflow:From /usr/local/lib/python3.7/site-packages/tensorflow/python/compat/v2_compat.py:61: disable_resource_variables (from tensorflow.python.ops.variable_scope) is deprecated and will be removed in a future version.
Instructions for updating:
non-resource variables are not supported in the long term
2023-03-09 17:18:04.796722: I tensorflow/core/platform/cpu_feature_guard.cc:142] Your CPU supports instructions that this TensorFlow binary was not compiled to use: AVX2 FMA
2023-03-09 17:18:04.803309: I tensorflow/core/platform/profile_utils/cpu_utils.cc:94] CPU Frequency: 2294605000 Hz
2023-03-09 17:18:04.803597: I tensorflow/compiler/xla/service/service.cc:168] XLA service 0x4c55220 executing computations on platform Host. Devices:
2023-03-09 17:18:04.803624: I tensorflow/compiler/xla/service/service.cc:175]   StreamExecutor device (0): <undefined>, <undefined>
WARNING:tensorflow:From /home/yanghanzhang/cfm/tensorflow/benchmarks/scripts/tf_cnn_benchmarks/convnet_builder.py:134: conv2d (from tensorflow.python.layers.convolutional) is deprecated and will be removed in a future version.
Instructions for updating:
Use `tf.keras.layers.Conv2D` instead.
W0309 17:18:04.817334 139940816172800 deprecation.py:323] From /home/yanghanzhang/cfm/tensorflow/benchmarks/scripts/tf_cnn_benchmarks/convnet_builder.py:134: conv2d (from tensorflow.python.layers.convolutional) is deprecated and will be removed in a future version.
Instructions for updating:
Use `tf.keras.layers.Conv2D` instead.
WARNING:tensorflow:From /home/yanghanzhang/cfm/tensorflow/benchmarks/scripts/tf_cnn_benchmarks/convnet_builder.py:266: max_pooling2d (from tensorflow.python.layers.pooling) is deprecated and will be removed in a future version.
Instructions for updating:
Use keras.layers.MaxPooling2D instead.
W0309 17:18:04.983416 139940816172800 deprecation.py:323] From /home/yanghanzhang/cfm/tensorflow/benchmarks/scripts/tf_cnn_benchmarks/convnet_builder.py:266: max_pooling2d (from tensorflow.python.layers.pooling) is deprecated and will be removed in a future version.
Instructions for updating:
Use keras.layers.MaxPooling2D instead.
WARNING:tensorflow:From /home/yanghanzhang/cfm/tensorflow/benchmarks/scripts/tf_cnn_benchmarks/benchmark_cnn.py:2267: Supervisor.__init__ (from tensorflow.python.training.supervisor) is deprecated and will be removed in a future version.
Instructions for updating:
Please switch to tf.train.MonitoredTrainingSession
W0309 17:18:06.457205 139940816172800 deprecation.py:323] From /home/yanghanzhang/cfm/tensorflow/benchmarks/scripts/tf_cnn_benchmarks/benchmark_cnn.py:2267: Supervisor.__init__ (from tensorflow.python.training.supervisor) is deprecated and will be removed in a future version.
Instructions for updating:
Please switch to tf.train.MonitoredTrainingSession
WARNING:tensorflow:From /usr/local/lib/python3.7/site-packages/tensorflow/python/ops/array_ops.py:1354: add_dispatch_support.<locals>.wrapper (from tensorflow.python.ops.array_ops) is deprecated and will be removed in a future version.
Instructions for updating:
Use tf.where in 2.0, which has the same broadcast rule as np.where
W0309 17:18:06.585078 139940816172800 deprecation.py:323] From /usr/local/lib/python3.7/site-packages/tensorflow/python/ops/array_ops.py:1354: add_dispatch_support.<locals>.wrapper (from tensorflow.python.ops.array_ops) is deprecated and will be removed in a future version.
Instructions for updating:
Use tf.where in 2.0, which has the same broadcast rule as np.where
2023-03-09 17:18:07.063501: W tensorflow/compiler/jit/mark_for_compilation_pass.cc:1412] (One-time warning): Not using XLA:CPU for cluster because envvar TF_XLA_FLAGS=--tf_xla_cpu_global_jit was not set.  If you want XLA:CPU, either set that envvar, or use experimental_jit_scope to enable XLA:CPU.  To confirm that XLA is active, pass --vmodule=xla_compilation_cache=1 (as a proper command-line flag, not via TF_XLA_FLAGS) or set the envvar XLA_FLAGS=--xla_hlo_profile.
INFO:tensorflow:Running local_init_op.
I0309 17:18:07.441806 139940816172800 session_manager.py:500] Running local_init_op.
INFO:tensorflow:Done running local_init_op.
I0309 17:18:07.586619 139940816172800 session_manager.py:502] Done running local_init_op.
	Command being timed: "python3 tf_cnn_benchmarks.py --forward_only=True --data_format=NHWC --device=cpu --batch_size=64 --num_inter_threads=1 --num_intra_threads=2 --nodistortions --model=resnet50 --kmp_blocktime=0 --num_batches=20 --num_warmup_batches 0"
	User time (seconds): 185.96
	System time (seconds): 48.09
	Percent of CPU this job got: 190%
	Elapsed (wall clock) time (h:mm:ss or m:ss): 2:03.18
	Average shared text size (kbytes): 0
	Average unshared data size (kbytes): 0
	Average stack size (kbytes): 0
	Average total size (kbytes): 0
	Maximum resident set size (kbytes): 508268
	Average resident set size (kbytes): 0
	Major (requiring I/O) page faults: 612330
	Minor (reclaiming a frame) page faults: 4916915
	Voluntary context switches: 247143
	Involuntary context switches: 11864
	Swaps: 0
	File system inputs: 0
	File system outputs: 64
	Socket messages sent: 0
	Socket messages received: 0
	Signals delivered: 0
	Page size (bytes): 4096
	Exit status: 0
 

Python Wall Time: 123.20034122467041 

Major Page Faults,System Time,User Time,Wall Time
612330,48.09,185.96,123.18
Setting tf-resnet0 memory limit to 40% (507M) of max
cd /home/yanghanzhang/cfm/tensorflow/benchmarks/scripts/tf_cnn_benchmarks && echo $$ > /cgroup2/benchmarks/tf-resnet0/cgroup.procs && KMP_AFFINITY=granularity=fine,verbose,compact,1,0 KMP_BLOCK_TIME=0 KMP_SETTINGS=1 OMP_NUM_THREADS=2 exec taskset -c 0,1 /usr/bin/time -v python3 tf_cnn_benchmarks.py --forward_only=True --data_format=NHWC --device=cpu --batch_size=64 --num_inter_threads=1 --num_intra_threads=2 --nodistortions --model=resnet50 --kmp_blocktime=0 --num_batches=20 --num_warmup_batches 0
TensorFlow:  1.14
Model:       resnet50
Dataset:     imagenet (synthetic)
Mode:        forward only
SingleSess:  False
Batch size:  64 global
             64 per device
Num batches: 20
Num epochs:  0.00
Devices:     ['/cpu:0']
NUMA bind:   False
Data format: NHWC
Optimizer:   sgd
Variables:   parameter_server
==========
Generating training model
Initializing graph
Running warm up
Done warm up
Step	Img/sec	total_loss	top_1_accuracy	top_5_accuracy
1	images/sec: 11.5 +/- 0.0 (jitter = 0.0)	0.000	0.000	0.000
10	images/sec: 12.3 +/- 0.1 (jitter = 0.1)	0.000	0.016	0.016
20	images/sec: 12.3 +/- 0.0 (jitter = 0.1)	0.000	0.000	0.000
----------------------------------------------------------------
total images/sec: 12.30
----------------------------------------------------------------
 

WARNING:tensorflow:From /usr/local/lib/python3.7/site-packages/tensorflow/python/compat/v2_compat.py:61: disable_resource_variables (from tensorflow.python.ops.variable_scope) is deprecated and will be removed in a future version.
Instructions for updating:
non-resource variables are not supported in the long term
2023-03-09 17:20:08.109539: I tensorflow/core/platform/cpu_feature_guard.cc:142] Your CPU supports instructions that this TensorFlow binary was not compiled to use: AVX2 FMA
2023-03-09 17:20:08.114229: I tensorflow/core/platform/profile_utils/cpu_utils.cc:94] CPU Frequency: 2294605000 Hz
2023-03-09 17:20:08.114745: I tensorflow/compiler/xla/service/service.cc:168] XLA service 0x4e2e220 executing computations on platform Host. Devices:
2023-03-09 17:20:08.114761: I tensorflow/compiler/xla/service/service.cc:175]   StreamExecutor device (0): <undefined>, <undefined>
WARNING:tensorflow:From /home/yanghanzhang/cfm/tensorflow/benchmarks/scripts/tf_cnn_benchmarks/convnet_builder.py:134: conv2d (from tensorflow.python.layers.convolutional) is deprecated and will be removed in a future version.
Instructions for updating:
Use `tf.keras.layers.Conv2D` instead.
W0309 17:20:08.127424 140167958484736 deprecation.py:323] From /home/yanghanzhang/cfm/tensorflow/benchmarks/scripts/tf_cnn_benchmarks/convnet_builder.py:134: conv2d (from tensorflow.python.layers.convolutional) is deprecated and will be removed in a future version.
Instructions for updating:
Use `tf.keras.layers.Conv2D` instead.
WARNING:tensorflow:From /home/yanghanzhang/cfm/tensorflow/benchmarks/scripts/tf_cnn_benchmarks/convnet_builder.py:266: max_pooling2d (from tensorflow.python.layers.pooling) is deprecated and will be removed in a future version.
Instructions for updating:
Use keras.layers.MaxPooling2D instead.
W0309 17:20:08.290061 140167958484736 deprecation.py:323] From /home/yanghanzhang/cfm/tensorflow/benchmarks/scripts/tf_cnn_benchmarks/convnet_builder.py:266: max_pooling2d (from tensorflow.python.layers.pooling) is deprecated and will be removed in a future version.
Instructions for updating:
Use keras.layers.MaxPooling2D instead.
WARNING:tensorflow:From /home/yanghanzhang/cfm/tensorflow/benchmarks/scripts/tf_cnn_benchmarks/benchmark_cnn.py:2267: Supervisor.__init__ (from tensorflow.python.training.supervisor) is deprecated and will be removed in a future version.
Instructions for updating:
Please switch to tf.train.MonitoredTrainingSession
W0309 17:20:09.733990 140167958484736 deprecation.py:323] From /home/yanghanzhang/cfm/tensorflow/benchmarks/scripts/tf_cnn_benchmarks/benchmark_cnn.py:2267: Supervisor.__init__ (from tensorflow.python.training.supervisor) is deprecated and will be removed in a future version.
Instructions for updating:
Please switch to tf.train.MonitoredTrainingSession
WARNING:tensorflow:From /usr/local/lib/python3.7/site-packages/tensorflow/python/ops/array_ops.py:1354: add_dispatch_support.<locals>.wrapper (from tensorflow.python.ops.array_ops) is deprecated and will be removed in a future version.
Instructions for updating:
Use tf.where in 2.0, which has the same broadcast rule as np.where
W0309 17:20:09.862520 140167958484736 deprecation.py:323] From /usr/local/lib/python3.7/site-packages/tensorflow/python/ops/array_ops.py:1354: add_dispatch_support.<locals>.wrapper (from tensorflow.python.ops.array_ops) is deprecated and will be removed in a future version.
Instructions for updating:
Use tf.where in 2.0, which has the same broadcast rule as np.where
2023-03-09 17:20:10.322953: W tensorflow/compiler/jit/mark_for_compilation_pass.cc:1412] (One-time warning): Not using XLA:CPU for cluster because envvar TF_XLA_FLAGS=--tf_xla_cpu_global_jit was not set.  If you want XLA:CPU, either set that envvar, or use experimental_jit_scope to enable XLA:CPU.  To confirm that XLA is active, pass --vmodule=xla_compilation_cache=1 (as a proper command-line flag, not via TF_XLA_FLAGS) or set the envvar XLA_FLAGS=--xla_hlo_profile.
INFO:tensorflow:Running local_init_op.
I0309 17:20:10.703198 140167958484736 session_manager.py:500] Running local_init_op.
INFO:tensorflow:Done running local_init_op.
I0309 17:20:10.844153 140167958484736 session_manager.py:502] Done running local_init_op.
	Command being timed: "python3 tf_cnn_benchmarks.py --forward_only=True --data_format=NHWC --device=cpu --batch_size=64 --num_inter_threads=1 --num_intra_threads=2 --nodistortions --model=resnet50 --kmp_blocktime=0 --num_batches=20 --num_warmup_batches 0"
	User time (seconds): 186.86
	System time (seconds): 21.59
	Percent of CPU this job got: 192%
	Elapsed (wall clock) time (h:mm:ss or m:ss): 1:48.50
	Average shared text size (kbytes): 0
	Average unshared data size (kbytes): 0
	Average stack size (kbytes): 0
	Average total size (kbytes): 0
	Maximum resident set size (kbytes): 641760
	Average resident set size (kbytes): 0
	Major (requiring I/O) page faults: 165599
	Minor (reclaiming a frame) page faults: 1185311
	Voluntary context switches: 135164
	Involuntary context switches: 6363
	Swaps: 0
	File system inputs: 0
	File system outputs: 64
	Socket messages sent: 0
	Socket messages received: 0
	Signals delivered: 0
	Page size (bytes): 4096
	Exit status: 0
 

Python Wall Time: 108.5293836593628 

Major Page Faults,System Time,User Time,Wall Time
165599,21.59,186.86,108.5
Setting tf-resnet0 memory limit to 50% (634M) of max
cd /home/yanghanzhang/cfm/tensorflow/benchmarks/scripts/tf_cnn_benchmarks && echo $$ > /cgroup2/benchmarks/tf-resnet0/cgroup.procs && KMP_AFFINITY=granularity=fine,verbose,compact,1,0 KMP_BLOCK_TIME=0 KMP_SETTINGS=1 OMP_NUM_THREADS=2 exec taskset -c 0,1 /usr/bin/time -v python3 tf_cnn_benchmarks.py --forward_only=True --data_format=NHWC --device=cpu --batch_size=64 --num_inter_threads=1 --num_intra_threads=2 --nodistortions --model=resnet50 --kmp_blocktime=0 --num_batches=20 --num_warmup_batches 0
TensorFlow:  1.14
Model:       resnet50
Dataset:     imagenet (synthetic)
Mode:        forward only
SingleSess:  False
Batch size:  64 global
             64 per device
Num batches: 20
Num epochs:  0.00
Devices:     ['/cpu:0']
NUMA bind:   False
Data format: NHWC
Optimizer:   sgd
Variables:   parameter_server
==========
Generating training model
Initializing graph
Running warm up
Done warm up
Step	Img/sec	total_loss	top_1_accuracy	top_5_accuracy
1	images/sec: 12.0 +/- 0.0 (jitter = 0.0)	0.000	0.000	0.000
10	images/sec: 12.7 +/- 0.1 (jitter = 0.2)	0.000	0.016	0.016
20	images/sec: 12.8 +/- 0.0 (jitter = 0.1)	0.000	0.000	0.000
----------------------------------------------------------------
total images/sec: 12.77
----------------------------------------------------------------
 

WARNING:tensorflow:From /usr/local/lib/python3.7/site-packages/tensorflow/python/compat/v2_compat.py:61: disable_resource_variables (from tensorflow.python.ops.variable_scope) is deprecated and will be removed in a future version.
Instructions for updating:
non-resource variables are not supported in the long term
2023-03-09 17:21:56.718748: I tensorflow/core/platform/cpu_feature_guard.cc:142] Your CPU supports instructions that this TensorFlow binary was not compiled to use: AVX2 FMA
2023-03-09 17:21:56.723430: I tensorflow/core/platform/profile_utils/cpu_utils.cc:94] CPU Frequency: 2294605000 Hz
2023-03-09 17:21:56.723789: I tensorflow/compiler/xla/service/service.cc:168] XLA service 0x3486030 executing computations on platform Host. Devices:
2023-03-09 17:21:56.723847: I tensorflow/compiler/xla/service/service.cc:175]   StreamExecutor device (0): <undefined>, <undefined>
WARNING:tensorflow:From /home/yanghanzhang/cfm/tensorflow/benchmarks/scripts/tf_cnn_benchmarks/convnet_builder.py:134: conv2d (from tensorflow.python.layers.convolutional) is deprecated and will be removed in a future version.
Instructions for updating:
Use `tf.keras.layers.Conv2D` instead.
W0309 17:21:56.736665 140401047840512 deprecation.py:323] From /home/yanghanzhang/cfm/tensorflow/benchmarks/scripts/tf_cnn_benchmarks/convnet_builder.py:134: conv2d (from tensorflow.python.layers.convolutional) is deprecated and will be removed in a future version.
Instructions for updating:
Use `tf.keras.layers.Conv2D` instead.
WARNING:tensorflow:From /home/yanghanzhang/cfm/tensorflow/benchmarks/scripts/tf_cnn_benchmarks/convnet_builder.py:266: max_pooling2d (from tensorflow.python.layers.pooling) is deprecated and will be removed in a future version.
Instructions for updating:
Use keras.layers.MaxPooling2D instead.
W0309 17:21:56.900089 140401047840512 deprecation.py:323] From /home/yanghanzhang/cfm/tensorflow/benchmarks/scripts/tf_cnn_benchmarks/convnet_builder.py:266: max_pooling2d (from tensorflow.python.layers.pooling) is deprecated and will be removed in a future version.
Instructions for updating:
Use keras.layers.MaxPooling2D instead.
WARNING:tensorflow:From /home/yanghanzhang/cfm/tensorflow/benchmarks/scripts/tf_cnn_benchmarks/benchmark_cnn.py:2267: Supervisor.__init__ (from tensorflow.python.training.supervisor) is deprecated and will be removed in a future version.
Instructions for updating:
Please switch to tf.train.MonitoredTrainingSession
W0309 17:21:58.325321 140401047840512 deprecation.py:323] From /home/yanghanzhang/cfm/tensorflow/benchmarks/scripts/tf_cnn_benchmarks/benchmark_cnn.py:2267: Supervisor.__init__ (from tensorflow.python.training.supervisor) is deprecated and will be removed in a future version.
Instructions for updating:
Please switch to tf.train.MonitoredTrainingSession
WARNING:tensorflow:From /usr/local/lib/python3.7/site-packages/tensorflow/python/ops/array_ops.py:1354: add_dispatch_support.<locals>.wrapper (from tensorflow.python.ops.array_ops) is deprecated and will be removed in a future version.
Instructions for updating:
Use tf.where in 2.0, which has the same broadcast rule as np.where
W0309 17:21:58.452243 140401047840512 deprecation.py:323] From /usr/local/lib/python3.7/site-packages/tensorflow/python/ops/array_ops.py:1354: add_dispatch_support.<locals>.wrapper (from tensorflow.python.ops.array_ops) is deprecated and will be removed in a future version.
Instructions for updating:
Use tf.where in 2.0, which has the same broadcast rule as np.where
2023-03-09 17:21:58.906573: W tensorflow/compiler/jit/mark_for_compilation_pass.cc:1412] (One-time warning): Not using XLA:CPU for cluster because envvar TF_XLA_FLAGS=--tf_xla_cpu_global_jit was not set.  If you want XLA:CPU, either set that envvar, or use experimental_jit_scope to enable XLA:CPU.  To confirm that XLA is active, pass --vmodule=xla_compilation_cache=1 (as a proper command-line flag, not via TF_XLA_FLAGS) or set the envvar XLA_FLAGS=--xla_hlo_profile.
INFO:tensorflow:Running local_init_op.
I0309 17:21:59.282266 140401047840512 session_manager.py:500] Running local_init_op.
INFO:tensorflow:Done running local_init_op.
I0309 17:21:59.428232 140401047840512 session_manager.py:502] Done running local_init_op.
	Command being timed: "python3 tf_cnn_benchmarks.py --forward_only=True --data_format=NHWC --device=cpu --batch_size=64 --num_inter_threads=1 --num_intra_threads=2 --nodistortions --model=resnet50 --kmp_blocktime=0 --num_batches=20 --num_warmup_batches 0"
	User time (seconds): 185.64
	System time (seconds): 16.18
	Percent of CPU this job got: 192%
	Elapsed (wall clock) time (h:mm:ss or m:ss): 1:44.61
	Average shared text size (kbytes): 0
	Average unshared data size (kbytes): 0
	Average stack size (kbytes): 0
	Average total size (kbytes): 0
	Maximum resident set size (kbytes): 769268
	Average resident set size (kbytes): 0
	Major (requiring I/O) page faults: 54933
	Minor (reclaiming a frame) page faults: 582066
	Voluntary context switches: 35846
	Involuntary context switches: 2877
	Swaps: 0
	File system inputs: 0
	File system outputs: 64
	Socket messages sent: 0
	Socket messages received: 0
	Signals delivered: 0
	Page size (bytes): 4096
	Exit status: 0
 

Python Wall Time: 104.65226650238037 

Major Page Faults,System Time,User Time,Wall Time
54933,16.18,185.64,104.61
Setting tf-resnet0 memory limit to 60% (761M) of max
cd /home/yanghanzhang/cfm/tensorflow/benchmarks/scripts/tf_cnn_benchmarks && echo $$ > /cgroup2/benchmarks/tf-resnet0/cgroup.procs && KMP_AFFINITY=granularity=fine,verbose,compact,1,0 KMP_BLOCK_TIME=0 KMP_SETTINGS=1 OMP_NUM_THREADS=2 exec taskset -c 0,1 /usr/bin/time -v python3 tf_cnn_benchmarks.py --forward_only=True --data_format=NHWC --device=cpu --batch_size=64 --num_inter_threads=1 --num_intra_threads=2 --nodistortions --model=resnet50 --kmp_blocktime=0 --num_batches=20 --num_warmup_batches 0
TensorFlow:  1.14
Model:       resnet50
Dataset:     imagenet (synthetic)
Mode:        forward only
SingleSess:  False
Batch size:  64 global
             64 per device
Num batches: 20
Num epochs:  0.00
Devices:     ['/cpu:0']
NUMA bind:   False
Data format: NHWC
Optimizer:   sgd
Variables:   parameter_server
==========
Generating training model
Initializing graph
Running warm up
Done warm up
Step	Img/sec	total_loss	top_1_accuracy	top_5_accuracy
1	images/sec: 12.3 +/- 0.0 (jitter = 0.0)	0.000	0.000	0.000
10	images/sec: 12.9 +/- 0.1 (jitter = 0.1)	0.000	0.016	0.016
20	images/sec: 13.0 +/- 0.0 (jitter = 0.0)	0.000	0.000	0.000
----------------------------------------------------------------
total images/sec: 12.99
----------------------------------------------------------------
 

WARNING:tensorflow:From /usr/local/lib/python3.7/site-packages/tensorflow/python/compat/v2_compat.py:61: disable_resource_variables (from tensorflow.python.ops.variable_scope) is deprecated and will be removed in a future version.
Instructions for updating:
non-resource variables are not supported in the long term
2023-03-09 17:23:41.476950: I tensorflow/core/platform/cpu_feature_guard.cc:142] Your CPU supports instructions that this TensorFlow binary was not compiled to use: AVX2 FMA
2023-03-09 17:23:41.482552: I tensorflow/core/platform/profile_utils/cpu_utils.cc:94] CPU Frequency: 2294605000 Hz
2023-03-09 17:23:41.482928: I tensorflow/compiler/xla/service/service.cc:168] XLA service 0x3bbc220 executing computations on platform Host. Devices:
2023-03-09 17:23:41.482987: I tensorflow/compiler/xla/service/service.cc:175]   StreamExecutor device (0): <undefined>, <undefined>
WARNING:tensorflow:From /home/yanghanzhang/cfm/tensorflow/benchmarks/scripts/tf_cnn_benchmarks/convnet_builder.py:134: conv2d (from tensorflow.python.layers.convolutional) is deprecated and will be removed in a future version.
Instructions for updating:
Use `tf.keras.layers.Conv2D` instead.
W0309 17:23:41.495269 140390865528576 deprecation.py:323] From /home/yanghanzhang/cfm/tensorflow/benchmarks/scripts/tf_cnn_benchmarks/convnet_builder.py:134: conv2d (from tensorflow.python.layers.convolutional) is deprecated and will be removed in a future version.
Instructions for updating:
Use `tf.keras.layers.Conv2D` instead.
WARNING:tensorflow:From /home/yanghanzhang/cfm/tensorflow/benchmarks/scripts/tf_cnn_benchmarks/convnet_builder.py:266: max_pooling2d (from tensorflow.python.layers.pooling) is deprecated and will be removed in a future version.
Instructions for updating:
Use keras.layers.MaxPooling2D instead.
W0309 17:23:41.654341 140390865528576 deprecation.py:323] From /home/yanghanzhang/cfm/tensorflow/benchmarks/scripts/tf_cnn_benchmarks/convnet_builder.py:266: max_pooling2d (from tensorflow.python.layers.pooling) is deprecated and will be removed in a future version.
Instructions for updating:
Use keras.layers.MaxPooling2D instead.
WARNING:tensorflow:From /home/yanghanzhang/cfm/tensorflow/benchmarks/scripts/tf_cnn_benchmarks/benchmark_cnn.py:2267: Supervisor.__init__ (from tensorflow.python.training.supervisor) is deprecated and will be removed in a future version.
Instructions for updating:
Please switch to tf.train.MonitoredTrainingSession
W0309 17:23:43.067958 140390865528576 deprecation.py:323] From /home/yanghanzhang/cfm/tensorflow/benchmarks/scripts/tf_cnn_benchmarks/benchmark_cnn.py:2267: Supervisor.__init__ (from tensorflow.python.training.supervisor) is deprecated and will be removed in a future version.
Instructions for updating:
Please switch to tf.train.MonitoredTrainingSession
WARNING:tensorflow:From /usr/local/lib/python3.7/site-packages/tensorflow/python/ops/array_ops.py:1354: add_dispatch_support.<locals>.wrapper (from tensorflow.python.ops.array_ops) is deprecated and will be removed in a future version.
Instructions for updating:
Use tf.where in 2.0, which has the same broadcast rule as np.where
W0309 17:23:43.193341 140390865528576 deprecation.py:323] From /usr/local/lib/python3.7/site-packages/tensorflow/python/ops/array_ops.py:1354: add_dispatch_support.<locals>.wrapper (from tensorflow.python.ops.array_ops) is deprecated and will be removed in a future version.
Instructions for updating:
Use tf.where in 2.0, which has the same broadcast rule as np.where
2023-03-09 17:23:43.644996: W tensorflow/compiler/jit/mark_for_compilation_pass.cc:1412] (One-time warning): Not using XLA:CPU for cluster because envvar TF_XLA_FLAGS=--tf_xla_cpu_global_jit was not set.  If you want XLA:CPU, either set that envvar, or use experimental_jit_scope to enable XLA:CPU.  To confirm that XLA is active, pass --vmodule=xla_compilation_cache=1 (as a proper command-line flag, not via TF_XLA_FLAGS) or set the envvar XLA_FLAGS=--xla_hlo_profile.
INFO:tensorflow:Running local_init_op.
I0309 17:23:44.021551 140390865528576 session_manager.py:500] Running local_init_op.
INFO:tensorflow:Done running local_init_op.
I0309 17:23:44.166754 140390865528576 session_manager.py:502] Done running local_init_op.
	Command being timed: "python3 tf_cnn_benchmarks.py --forward_only=True --data_format=NHWC --device=cpu --batch_size=64 --num_inter_threads=1 --num_intra_threads=2 --nodistortions --model=resnet50 --kmp_blocktime=0 --num_batches=20 --num_warmup_batches 0"
	User time (seconds): 183.70
	System time (seconds): 15.07
	Percent of CPU this job got: 193%
	Elapsed (wall clock) time (h:mm:ss or m:ss): 1:42.81
	Average shared text size (kbytes): 0
	Average unshared data size (kbytes): 0
	Average stack size (kbytes): 0
	Average total size (kbytes): 0
	Maximum resident set size (kbytes): 895500
	Average resident set size (kbytes): 0
	Major (requiring I/O) page faults: 15061
	Minor (reclaiming a frame) page faults: 387695
	Voluntary context switches: 6811
	Involuntary context switches: 2333
	Swaps: 0
	File system inputs: 0
	File system outputs: 64
	Socket messages sent: 0
	Socket messages received: 0
	Signals delivered: 0
	Page size (bytes): 4096
	Exit status: 0
 

Python Wall Time: 102.83766078948975 

Major Page Faults,System Time,User Time,Wall Time
15061,15.07,183.7,102.81
Setting tf-resnet0 memory limit to 70% (888M) of max
cd /home/yanghanzhang/cfm/tensorflow/benchmarks/scripts/tf_cnn_benchmarks && echo $$ > /cgroup2/benchmarks/tf-resnet0/cgroup.procs && KMP_AFFINITY=granularity=fine,verbose,compact,1,0 KMP_BLOCK_TIME=0 KMP_SETTINGS=1 OMP_NUM_THREADS=2 exec taskset -c 0,1 /usr/bin/time -v python3 tf_cnn_benchmarks.py --forward_only=True --data_format=NHWC --device=cpu --batch_size=64 --num_inter_threads=1 --num_intra_threads=2 --nodistortions --model=resnet50 --kmp_blocktime=0 --num_batches=20 --num_warmup_batches 0
TensorFlow:  1.14
Model:       resnet50
Dataset:     imagenet (synthetic)
Mode:        forward only
SingleSess:  False
Batch size:  64 global
             64 per device
Num batches: 20
Num epochs:  0.00
Devices:     ['/cpu:0']
NUMA bind:   False
Data format: NHWC
Optimizer:   sgd
Variables:   parameter_server
==========
Generating training model
Initializing graph
Running warm up
Done warm up
Step	Img/sec	total_loss	top_1_accuracy	top_5_accuracy
1	images/sec: 12.5 +/- 0.0 (jitter = 0.0)	0.000	0.000	0.000
10	images/sec: 13.0 +/- 0.1 (jitter = 0.0)	0.000	0.016	0.016
20	images/sec: 13.0 +/- 0.0 (jitter = 0.0)	0.000	0.000	0.000
----------------------------------------------------------------
total images/sec: 13.02
----------------------------------------------------------------
 

WARNING:tensorflow:From /usr/local/lib/python3.7/site-packages/tensorflow/python/compat/v2_compat.py:61: disable_resource_variables (from tensorflow.python.ops.variable_scope) is deprecated and will be removed in a future version.
Instructions for updating:
non-resource variables are not supported in the long term
2023-03-09 17:25:24.521263: I tensorflow/core/platform/cpu_feature_guard.cc:142] Your CPU supports instructions that this TensorFlow binary was not compiled to use: AVX2 FMA
2023-03-09 17:25:24.526637: I tensorflow/core/platform/profile_utils/cpu_utils.cc:94] CPU Frequency: 2294605000 Hz
2023-03-09 17:25:24.528083: I tensorflow/compiler/xla/service/service.cc:168] XLA service 0x3bfb220 executing computations on platform Host. Devices:
2023-03-09 17:25:24.528098: I tensorflow/compiler/xla/service/service.cc:175]   StreamExecutor device (0): <undefined>, <undefined>
WARNING:tensorflow:From /home/yanghanzhang/cfm/tensorflow/benchmarks/scripts/tf_cnn_benchmarks/convnet_builder.py:134: conv2d (from tensorflow.python.layers.convolutional) is deprecated and will be removed in a future version.
Instructions for updating:
Use `tf.keras.layers.Conv2D` instead.
W0309 17:25:24.541213 139764365145856 deprecation.py:323] From /home/yanghanzhang/cfm/tensorflow/benchmarks/scripts/tf_cnn_benchmarks/convnet_builder.py:134: conv2d (from tensorflow.python.layers.convolutional) is deprecated and will be removed in a future version.
Instructions for updating:
Use `tf.keras.layers.Conv2D` instead.
WARNING:tensorflow:From /home/yanghanzhang/cfm/tensorflow/benchmarks/scripts/tf_cnn_benchmarks/convnet_builder.py:266: max_pooling2d (from tensorflow.python.layers.pooling) is deprecated and will be removed in a future version.
Instructions for updating:
Use keras.layers.MaxPooling2D instead.
W0309 17:25:24.701990 139764365145856 deprecation.py:323] From /home/yanghanzhang/cfm/tensorflow/benchmarks/scripts/tf_cnn_benchmarks/convnet_builder.py:266: max_pooling2d (from tensorflow.python.layers.pooling) is deprecated and will be removed in a future version.
Instructions for updating:
Use keras.layers.MaxPooling2D instead.
WARNING:tensorflow:From /home/yanghanzhang/cfm/tensorflow/benchmarks/scripts/tf_cnn_benchmarks/benchmark_cnn.py:2267: Supervisor.__init__ (from tensorflow.python.training.supervisor) is deprecated and will be removed in a future version.
Instructions for updating:
Please switch to tf.train.MonitoredTrainingSession
W0309 17:25:26.177829 139764365145856 deprecation.py:323] From /home/yanghanzhang/cfm/tensorflow/benchmarks/scripts/tf_cnn_benchmarks/benchmark_cnn.py:2267: Supervisor.__init__ (from tensorflow.python.training.supervisor) is deprecated and will be removed in a future version.
Instructions for updating:
Please switch to tf.train.MonitoredTrainingSession
WARNING:tensorflow:From /usr/local/lib/python3.7/site-packages/tensorflow/python/ops/array_ops.py:1354: add_dispatch_support.<locals>.wrapper (from tensorflow.python.ops.array_ops) is deprecated and will be removed in a future version.
Instructions for updating:
Use tf.where in 2.0, which has the same broadcast rule as np.where
W0309 17:25:26.306624 139764365145856 deprecation.py:323] From /usr/local/lib/python3.7/site-packages/tensorflow/python/ops/array_ops.py:1354: add_dispatch_support.<locals>.wrapper (from tensorflow.python.ops.array_ops) is deprecated and will be removed in a future version.
Instructions for updating:
Use tf.where in 2.0, which has the same broadcast rule as np.where
2023-03-09 17:25:26.783722: W tensorflow/compiler/jit/mark_for_compilation_pass.cc:1412] (One-time warning): Not using XLA:CPU for cluster because envvar TF_XLA_FLAGS=--tf_xla_cpu_global_jit was not set.  If you want XLA:CPU, either set that envvar, or use experimental_jit_scope to enable XLA:CPU.  To confirm that XLA is active, pass --vmodule=xla_compilation_cache=1 (as a proper command-line flag, not via TF_XLA_FLAGS) or set the envvar XLA_FLAGS=--xla_hlo_profile.
INFO:tensorflow:Running local_init_op.
I0309 17:25:27.199667 139764365145856 session_manager.py:500] Running local_init_op.
INFO:tensorflow:Done running local_init_op.
I0309 17:25:27.349393 139764365145856 session_manager.py:502] Done running local_init_op.
	Command being timed: "python3 tf_cnn_benchmarks.py --forward_only=True --data_format=NHWC --device=cpu --batch_size=64 --num_inter_threads=1 --num_intra_threads=2 --nodistortions --model=resnet50 --kmp_blocktime=0 --num_batches=20 --num_warmup_batches 0"
	User time (seconds): 184.40
	System time (seconds): 14.39
	Percent of CPU this job got: 193%
	Elapsed (wall clock) time (h:mm:ss or m:ss): 1:42.82
	Average shared text size (kbytes): 0
	Average unshared data size (kbytes): 0
	Average stack size (kbytes): 0
	Average total size (kbytes): 0
	Maximum resident set size (kbytes): 972032
	Average resident set size (kbytes): 0
	Major (requiring I/O) page faults: 0
	Minor (reclaiming a frame) page faults: 371586
	Voluntary context switches: 6051
	Involuntary context switches: 2254
	Swaps: 0
	File system inputs: 0
	File system outputs: 64
	Socket messages sent: 0
	Socket messages received: 0
	Signals delivered: 0
	Page size (bytes): 4096
	Exit status: 0
 

Python Wall Time: 102.8556227684021 

Major Page Faults,System Time,User Time,Wall Time
0,14.39,184.4,102.82
Setting tf-resnet0 memory limit to 80% (1014M) of max
cd /home/yanghanzhang/cfm/tensorflow/benchmarks/scripts/tf_cnn_benchmarks && echo $$ > /cgroup2/benchmarks/tf-resnet0/cgroup.procs && KMP_AFFINITY=granularity=fine,verbose,compact,1,0 KMP_BLOCK_TIME=0 KMP_SETTINGS=1 OMP_NUM_THREADS=2 exec taskset -c 0,1 /usr/bin/time -v python3 tf_cnn_benchmarks.py --forward_only=True --data_format=NHWC --device=cpu --batch_size=64 --num_inter_threads=1 --num_intra_threads=2 --nodistortions --model=resnet50 --kmp_blocktime=0 --num_batches=20 --num_warmup_batches 0
TensorFlow:  1.14
Model:       resnet50
Dataset:     imagenet (synthetic)
Mode:        forward only
SingleSess:  False
Batch size:  64 global
             64 per device
Num batches: 20
Num epochs:  0.00
Devices:     ['/cpu:0']
NUMA bind:   False
Data format: NHWC
Optimizer:   sgd
Variables:   parameter_server
==========
Generating training model
Initializing graph
Running warm up
Done warm up
Step	Img/sec	total_loss	top_1_accuracy	top_5_accuracy
1	images/sec: 12.4 +/- 0.0 (jitter = 0.0)	0.000	0.000	0.000
10	images/sec: 13.1 +/- 0.1 (jitter = 0.1)	0.000	0.016	0.016
20	images/sec: 13.1 +/- 0.1 (jitter = 0.1)	0.000	0.000	0.000
----------------------------------------------------------------
total images/sec: 13.10
----------------------------------------------------------------
 

WARNING:tensorflow:From /usr/local/lib/python3.7/site-packages/tensorflow/python/compat/v2_compat.py:61: disable_resource_variables (from tensorflow.python.ops.variable_scope) is deprecated and will be removed in a future version.
Instructions for updating:
non-resource variables are not supported in the long term
2023-03-09 17:27:07.464780: I tensorflow/core/platform/cpu_feature_guard.cc:142] Your CPU supports instructions that this TensorFlow binary was not compiled to use: AVX2 FMA
2023-03-09 17:27:07.469966: I tensorflow/core/platform/profile_utils/cpu_utils.cc:94] CPU Frequency: 2294605000 Hz
2023-03-09 17:27:07.470201: I tensorflow/compiler/xla/service/service.cc:168] XLA service 0x375b220 executing computations on platform Host. Devices:
2023-03-09 17:27:07.470222: I tensorflow/compiler/xla/service/service.cc:175]   StreamExecutor device (0): <undefined>, <undefined>
WARNING:tensorflow:From /home/yanghanzhang/cfm/tensorflow/benchmarks/scripts/tf_cnn_benchmarks/convnet_builder.py:134: conv2d (from tensorflow.python.layers.convolutional) is deprecated and will be removed in a future version.
Instructions for updating:
Use `tf.keras.layers.Conv2D` instead.
W0309 17:27:07.484127 140229727119104 deprecation.py:323] From /home/yanghanzhang/cfm/tensorflow/benchmarks/scripts/tf_cnn_benchmarks/convnet_builder.py:134: conv2d (from tensorflow.python.layers.convolutional) is deprecated and will be removed in a future version.
Instructions for updating:
Use `tf.keras.layers.Conv2D` instead.
WARNING:tensorflow:From /home/yanghanzhang/cfm/tensorflow/benchmarks/scripts/tf_cnn_benchmarks/convnet_builder.py:266: max_pooling2d (from tensorflow.python.layers.pooling) is deprecated and will be removed in a future version.
Instructions for updating:
Use keras.layers.MaxPooling2D instead.
W0309 17:27:07.643911 140229727119104 deprecation.py:323] From /home/yanghanzhang/cfm/tensorflow/benchmarks/scripts/tf_cnn_benchmarks/convnet_builder.py:266: max_pooling2d (from tensorflow.python.layers.pooling) is deprecated and will be removed in a future version.
Instructions for updating:
Use keras.layers.MaxPooling2D instead.
WARNING:tensorflow:From /home/yanghanzhang/cfm/tensorflow/benchmarks/scripts/tf_cnn_benchmarks/benchmark_cnn.py:2267: Supervisor.__init__ (from tensorflow.python.training.supervisor) is deprecated and will be removed in a future version.
Instructions for updating:
Please switch to tf.train.MonitoredTrainingSession
W0309 17:27:09.066387 140229727119104 deprecation.py:323] From /home/yanghanzhang/cfm/tensorflow/benchmarks/scripts/tf_cnn_benchmarks/benchmark_cnn.py:2267: Supervisor.__init__ (from tensorflow.python.training.supervisor) is deprecated and will be removed in a future version.
Instructions for updating:
Please switch to tf.train.MonitoredTrainingSession
WARNING:tensorflow:From /usr/local/lib/python3.7/site-packages/tensorflow/python/ops/array_ops.py:1354: add_dispatch_support.<locals>.wrapper (from tensorflow.python.ops.array_ops) is deprecated and will be removed in a future version.
Instructions for updating:
Use tf.where in 2.0, which has the same broadcast rule as np.where
W0309 17:27:09.192434 140229727119104 deprecation.py:323] From /usr/local/lib/python3.7/site-packages/tensorflow/python/ops/array_ops.py:1354: add_dispatch_support.<locals>.wrapper (from tensorflow.python.ops.array_ops) is deprecated and will be removed in a future version.
Instructions for updating:
Use tf.where in 2.0, which has the same broadcast rule as np.where
2023-03-09 17:27:09.645562: W tensorflow/compiler/jit/mark_for_compilation_pass.cc:1412] (One-time warning): Not using XLA:CPU for cluster because envvar TF_XLA_FLAGS=--tf_xla_cpu_global_jit was not set.  If you want XLA:CPU, either set that envvar, or use experimental_jit_scope to enable XLA:CPU.  To confirm that XLA is active, pass --vmodule=xla_compilation_cache=1 (as a proper command-line flag, not via TF_XLA_FLAGS) or set the envvar XLA_FLAGS=--xla_hlo_profile.
INFO:tensorflow:Running local_init_op.
I0309 17:27:10.019095 140229727119104 session_manager.py:500] Running local_init_op.
INFO:tensorflow:Done running local_init_op.
I0309 17:27:10.165260 140229727119104 session_manager.py:502] Done running local_init_op.
	Command being timed: "python3 tf_cnn_benchmarks.py --forward_only=True --data_format=NHWC --device=cpu --batch_size=64 --num_inter_threads=1 --num_intra_threads=2 --nodistortions --model=resnet50 --kmp_blocktime=0 --num_batches=20 --num_warmup_batches 0"
	User time (seconds): 183.78
	System time (seconds): 13.85
	Percent of CPU this job got: 193%
	Elapsed (wall clock) time (h:mm:ss or m:ss): 1:42.02
	Average shared text size (kbytes): 0
	Average unshared data size (kbytes): 0
	Average stack size (kbytes): 0
	Average total size (kbytes): 0
	Maximum resident set size (kbytes): 973748
	Average resident set size (kbytes): 0
	Major (requiring I/O) page faults: 0
	Minor (reclaiming a frame) page faults: 360433
	Voluntary context switches: 6003
	Involuntary context switches: 2323
	Swaps: 0
	File system inputs: 0
	File system outputs: 64
	Socket messages sent: 0
	Socket messages received: 0
	Signals delivered: 0
	Page size (bytes): 4096
	Exit status: 0
 

Python Wall Time: 102.07504034042358 

Major Page Faults,System Time,User Time,Wall Time
0,13.85,183.78,102.02
Setting tf-resnet0 memory limit to 90% (1141M) of max
cd /home/yanghanzhang/cfm/tensorflow/benchmarks/scripts/tf_cnn_benchmarks && echo $$ > /cgroup2/benchmarks/tf-resnet0/cgroup.procs && KMP_AFFINITY=granularity=fine,verbose,compact,1,0 KMP_BLOCK_TIME=0 KMP_SETTINGS=1 OMP_NUM_THREADS=2 exec taskset -c 0,1 /usr/bin/time -v python3 tf_cnn_benchmarks.py --forward_only=True --data_format=NHWC --device=cpu --batch_size=64 --num_inter_threads=1 --num_intra_threads=2 --nodistortions --model=resnet50 --kmp_blocktime=0 --num_batches=20 --num_warmup_batches 0
TensorFlow:  1.14
Model:       resnet50
Dataset:     imagenet (synthetic)
Mode:        forward only
SingleSess:  False
Batch size:  64 global
             64 per device
Num batches: 20
Num epochs:  0.00
Devices:     ['/cpu:0']
NUMA bind:   False
Data format: NHWC
Optimizer:   sgd
Variables:   parameter_server
==========
Generating training model
Initializing graph
Running warm up
Done warm up
Step	Img/sec	total_loss	top_1_accuracy	top_5_accuracy
1	images/sec: 12.4 +/- 0.0 (jitter = 0.0)	0.000	0.000	0.000
10	images/sec: 13.0 +/- 0.1 (jitter = 0.0)	0.000	0.016	0.016
20	images/sec: 13.1 +/- 0.0 (jitter = 0.0)	0.000	0.000	0.000
----------------------------------------------------------------
total images/sec: 13.06
----------------------------------------------------------------
 

WARNING:tensorflow:From /usr/local/lib/python3.7/site-packages/tensorflow/python/compat/v2_compat.py:61: disable_resource_variables (from tensorflow.python.ops.variable_scope) is deprecated and will be removed in a future version.
Instructions for updating:
non-resource variables are not supported in the long term
2023-03-09 17:28:49.712978: I tensorflow/core/platform/cpu_feature_guard.cc:142] Your CPU supports instructions that this TensorFlow binary was not compiled to use: AVX2 FMA
2023-03-09 17:28:49.718763: I tensorflow/core/platform/profile_utils/cpu_utils.cc:94] CPU Frequency: 2294605000 Hz
2023-03-09 17:28:49.719053: I tensorflow/compiler/xla/service/service.cc:168] XLA service 0x357a220 executing computations on platform Host. Devices:
2023-03-09 17:28:49.719080: I tensorflow/compiler/xla/service/service.cc:175]   StreamExecutor device (0): <undefined>, <undefined>
WARNING:tensorflow:From /home/yanghanzhang/cfm/tensorflow/benchmarks/scripts/tf_cnn_benchmarks/convnet_builder.py:134: conv2d (from tensorflow.python.layers.convolutional) is deprecated and will be removed in a future version.
Instructions for updating:
Use `tf.keras.layers.Conv2D` instead.
W0309 17:28:49.733630 140654579635968 deprecation.py:323] From /home/yanghanzhang/cfm/tensorflow/benchmarks/scripts/tf_cnn_benchmarks/convnet_builder.py:134: conv2d (from tensorflow.python.layers.convolutional) is deprecated and will be removed in a future version.
Instructions for updating:
Use `tf.keras.layers.Conv2D` instead.
WARNING:tensorflow:From /home/yanghanzhang/cfm/tensorflow/benchmarks/scripts/tf_cnn_benchmarks/convnet_builder.py:266: max_pooling2d (from tensorflow.python.layers.pooling) is deprecated and will be removed in a future version.
Instructions for updating:
Use keras.layers.MaxPooling2D instead.
W0309 17:28:49.895649 140654579635968 deprecation.py:323] From /home/yanghanzhang/cfm/tensorflow/benchmarks/scripts/tf_cnn_benchmarks/convnet_builder.py:266: max_pooling2d (from tensorflow.python.layers.pooling) is deprecated and will be removed in a future version.
Instructions for updating:
Use keras.layers.MaxPooling2D instead.
WARNING:tensorflow:From /home/yanghanzhang/cfm/tensorflow/benchmarks/scripts/tf_cnn_benchmarks/benchmark_cnn.py:2267: Supervisor.__init__ (from tensorflow.python.training.supervisor) is deprecated and will be removed in a future version.
Instructions for updating:
Please switch to tf.train.MonitoredTrainingSession
W0309 17:28:51.431387 140654579635968 deprecation.py:323] From /home/yanghanzhang/cfm/tensorflow/benchmarks/scripts/tf_cnn_benchmarks/benchmark_cnn.py:2267: Supervisor.__init__ (from tensorflow.python.training.supervisor) is deprecated and will be removed in a future version.
Instructions for updating:
Please switch to tf.train.MonitoredTrainingSession
WARNING:tensorflow:From /usr/local/lib/python3.7/site-packages/tensorflow/python/ops/array_ops.py:1354: add_dispatch_support.<locals>.wrapper (from tensorflow.python.ops.array_ops) is deprecated and will be removed in a future version.
Instructions for updating:
Use tf.where in 2.0, which has the same broadcast rule as np.where
W0309 17:28:51.564470 140654579635968 deprecation.py:323] From /usr/local/lib/python3.7/site-packages/tensorflow/python/ops/array_ops.py:1354: add_dispatch_support.<locals>.wrapper (from tensorflow.python.ops.array_ops) is deprecated and will be removed in a future version.
Instructions for updating:
Use tf.where in 2.0, which has the same broadcast rule as np.where
2023-03-09 17:28:52.063563: W tensorflow/compiler/jit/mark_for_compilation_pass.cc:1412] (One-time warning): Not using XLA:CPU for cluster because envvar TF_XLA_FLAGS=--tf_xla_cpu_global_jit was not set.  If you want XLA:CPU, either set that envvar, or use experimental_jit_scope to enable XLA:CPU.  To confirm that XLA is active, pass --vmodule=xla_compilation_cache=1 (as a proper command-line flag, not via TF_XLA_FLAGS) or set the envvar XLA_FLAGS=--xla_hlo_profile.
INFO:tensorflow:Running local_init_op.
I0309 17:28:52.479176 140654579635968 session_manager.py:500] Running local_init_op.
INFO:tensorflow:Done running local_init_op.
I0309 17:28:52.622987 140654579635968 session_manager.py:502] Done running local_init_op.
	Command being timed: "python3 tf_cnn_benchmarks.py --forward_only=True --data_format=NHWC --device=cpu --batch_size=64 --num_inter_threads=1 --num_intra_threads=2 --nodistortions --model=resnet50 --kmp_blocktime=0 --num_batches=20 --num_warmup_batches 0"
	User time (seconds): 184.44
	System time (seconds): 13.99
	Percent of CPU this job got: 193%
	Elapsed (wall clock) time (h:mm:ss or m:ss): 1:42.63
	Average shared text size (kbytes): 0
	Average unshared data size (kbytes): 0
	Average stack size (kbytes): 0
	Average total size (kbytes): 0
	Maximum resident set size (kbytes): 971488
	Average resident set size (kbytes): 0
	Major (requiring I/O) page faults: 0
	Minor (reclaiming a frame) page faults: 359611
	Voluntary context switches: 6029
	Involuntary context switches: 2278
	Swaps: 0
	File system inputs: 0
	File system outputs: 64
	Socket messages sent: 0
	Socket messages received: 0
	Signals delivered: 0
	Page size (bytes): 4096
	Exit status: 0
 

Python Wall Time: 102.66024780273438 

Major Page Faults,System Time,User Time,Wall Time
0,13.99,184.44,102.63
Setting tf-resnet0 memory limit to 100% (1268M) of max
cd /home/yanghanzhang/cfm/tensorflow/benchmarks/scripts/tf_cnn_benchmarks && echo $$ > /cgroup2/benchmarks/tf-resnet0/cgroup.procs && KMP_AFFINITY=granularity=fine,verbose,compact,1,0 KMP_BLOCK_TIME=0 KMP_SETTINGS=1 OMP_NUM_THREADS=2 exec taskset -c 0,1 /usr/bin/time -v python3 tf_cnn_benchmarks.py --forward_only=True --data_format=NHWC --device=cpu --batch_size=64 --num_inter_threads=1 --num_intra_threads=2 --nodistortions --model=resnet50 --kmp_blocktime=0 --num_batches=20 --num_warmup_batches 0
TensorFlow:  1.14
Model:       resnet50
Dataset:     imagenet (synthetic)
Mode:        forward only
SingleSess:  False
Batch size:  64 global
             64 per device
Num batches: 20
Num epochs:  0.00
Devices:     ['/cpu:0']
NUMA bind:   False
Data format: NHWC
Optimizer:   sgd
Variables:   parameter_server
==========
Generating training model
Initializing graph
Running warm up
Done warm up
Step	Img/sec	total_loss	top_1_accuracy	top_5_accuracy
1	images/sec: 12.4 +/- 0.0 (jitter = 0.0)	0.000	0.000	0.000
10	images/sec: 12.9 +/- 0.1 (jitter = 0.0)	0.000	0.016	0.016
20	images/sec: 13.0 +/- 0.0 (jitter = 0.0)	0.000	0.000	0.000
----------------------------------------------------------------
total images/sec: 12.97
----------------------------------------------------------------
 

WARNING:tensorflow:From /usr/local/lib/python3.7/site-packages/tensorflow/python/compat/v2_compat.py:61: disable_resource_variables (from tensorflow.python.ops.variable_scope) is deprecated and will be removed in a future version.
Instructions for updating:
non-resource variables are not supported in the long term
2023-03-09 17:30:32.409847: I tensorflow/core/platform/cpu_feature_guard.cc:142] Your CPU supports instructions that this TensorFlow binary was not compiled to use: AVX2 FMA
2023-03-09 17:30:32.415379: I tensorflow/core/platform/profile_utils/cpu_utils.cc:94] CPU Frequency: 2294605000 Hz
2023-03-09 17:30:32.415912: I tensorflow/compiler/xla/service/service.cc:168] XLA service 0x3303220 executing computations on platform Host. Devices:
2023-03-09 17:30:32.415977: I tensorflow/compiler/xla/service/service.cc:175]   StreamExecutor device (0): <undefined>, <undefined>
WARNING:tensorflow:From /home/yanghanzhang/cfm/tensorflow/benchmarks/scripts/tf_cnn_benchmarks/convnet_builder.py:134: conv2d (from tensorflow.python.layers.convolutional) is deprecated and will be removed in a future version.
Instructions for updating:
Use `tf.keras.layers.Conv2D` instead.
W0309 17:30:32.427998 140210021889792 deprecation.py:323] From /home/yanghanzhang/cfm/tensorflow/benchmarks/scripts/tf_cnn_benchmarks/convnet_builder.py:134: conv2d (from tensorflow.python.layers.convolutional) is deprecated and will be removed in a future version.
Instructions for updating:
Use `tf.keras.layers.Conv2D` instead.
WARNING:tensorflow:From /home/yanghanzhang/cfm/tensorflow/benchmarks/scripts/tf_cnn_benchmarks/convnet_builder.py:266: max_pooling2d (from tensorflow.python.layers.pooling) is deprecated and will be removed in a future version.
Instructions for updating:
Use keras.layers.MaxPooling2D instead.
W0309 17:30:32.590031 140210021889792 deprecation.py:323] From /home/yanghanzhang/cfm/tensorflow/benchmarks/scripts/tf_cnn_benchmarks/convnet_builder.py:266: max_pooling2d (from tensorflow.python.layers.pooling) is deprecated and will be removed in a future version.
Instructions for updating:
Use keras.layers.MaxPooling2D instead.
WARNING:tensorflow:From /home/yanghanzhang/cfm/tensorflow/benchmarks/scripts/tf_cnn_benchmarks/benchmark_cnn.py:2267: Supervisor.__init__ (from tensorflow.python.training.supervisor) is deprecated and will be removed in a future version.
Instructions for updating:
Please switch to tf.train.MonitoredTrainingSession
W0309 17:30:33.992028 140210021889792 deprecation.py:323] From /home/yanghanzhang/cfm/tensorflow/benchmarks/scripts/tf_cnn_benchmarks/benchmark_cnn.py:2267: Supervisor.__init__ (from tensorflow.python.training.supervisor) is deprecated and will be removed in a future version.
Instructions for updating:
Please switch to tf.train.MonitoredTrainingSession
WARNING:tensorflow:From /usr/local/lib/python3.7/site-packages/tensorflow/python/ops/array_ops.py:1354: add_dispatch_support.<locals>.wrapper (from tensorflow.python.ops.array_ops) is deprecated and will be removed in a future version.
Instructions for updating:
Use tf.where in 2.0, which has the same broadcast rule as np.where
W0309 17:30:34.117077 140210021889792 deprecation.py:323] From /usr/local/lib/python3.7/site-packages/tensorflow/python/ops/array_ops.py:1354: add_dispatch_support.<locals>.wrapper (from tensorflow.python.ops.array_ops) is deprecated and will be removed in a future version.
Instructions for updating:
Use tf.where in 2.0, which has the same broadcast rule as np.where
2023-03-09 17:30:34.565466: W tensorflow/compiler/jit/mark_for_compilation_pass.cc:1412] (One-time warning): Not using XLA:CPU for cluster because envvar TF_XLA_FLAGS=--tf_xla_cpu_global_jit was not set.  If you want XLA:CPU, either set that envvar, or use experimental_jit_scope to enable XLA:CPU.  To confirm that XLA is active, pass --vmodule=xla_compilation_cache=1 (as a proper command-line flag, not via TF_XLA_FLAGS) or set the envvar XLA_FLAGS=--xla_hlo_profile.
INFO:tensorflow:Running local_init_op.
I0309 17:30:34.933921 140210021889792 session_manager.py:500] Running local_init_op.
INFO:tensorflow:Done running local_init_op.
I0309 17:30:35.076935 140210021889792 session_manager.py:502] Done running local_init_op.
	Command being timed: "python3 tf_cnn_benchmarks.py --forward_only=True --data_format=NHWC --device=cpu --batch_size=64 --num_inter_threads=1 --num_intra_threads=2 --nodistortions --model=resnet50 --kmp_blocktime=0 --num_batches=20 --num_warmup_batches 0"
	User time (seconds): 184.45
	System time (seconds): 14.64
	Percent of CPU this job got: 193%
	Elapsed (wall clock) time (h:mm:ss or m:ss): 1:42.85
	Average shared text size (kbytes): 0
	Average unshared data size (kbytes): 0
	Average stack size (kbytes): 0
	Average total size (kbytes): 0
	Maximum resident set size (kbytes): 970064
	Average resident set size (kbytes): 0
	Major (requiring I/O) page faults: 0
	Minor (reclaiming a frame) page faults: 361808
	Voluntary context switches: 6094
	Involuntary context switches: 2493
	Swaps: 0
	File system inputs: 0
	File system outputs: 64
	Socket messages sent: 0
	Socket messages received: 0
	Signals delivered: 0
	Page size (bytes): 4096
	Exit status: 0
 

Python Wall Time: 102.8790237903595 

Major Page Faults,System Time,User Time,Wall Time
0,14.64,184.45,102.85
